Using pre-set license
Built from '2021.1/staging' branch; Version is '2021.1.28f1 (f3f9dc10f3dd) revision 15989212'; Using compiler version '192528614'; Build Type 'Release'
OS: 'Windows 10 Home; OS build 19044.1466; Version 2009; 64bit' Language: 'pt' Physical Memory: 15756 MB
BatchMode: 1, IsHumanControllingUs: 0, StartBugReporterOnCrash: 0, Is64bit: 1, IsPro: 0

COMMAND LINE ARGUMENTS:
C:\Program Files\Unity\Hub\Editor\2021.1.28f1\Editor\Unity.exe
-adb2
-batchMode
-noUpm
-name
AssetImportWorker0
-projectPath
C:/Users/RP SINTRA/OneDrive/Documentos/GitHub/Meaningful Game Jam
-logFile
Logs/AssetImportWorker0.log
-srvPort
49910
Successfully changed project path to: C:/Users/RP SINTRA/OneDrive/Documentos/GitHub/Meaningful Game Jam
C:/Users/RP SINTRA/OneDrive/Documentos/GitHub/Meaningful Game Jam
Using Asset Import Pipeline V2.
Refreshing native plugins compatible for Editor in 229.20 ms, found 4 plugins.
Preloading 0 native plugins for Editor in 0.00 ms.
Initialize engine version: 2021.1.28f1 (f3f9dc10f3dd)
[Subsystems] Discovering subsystems at path C:/Program Files/Unity/Hub/Editor/2021.1.28f1/Editor/Data/Resources/UnitySubsystems
[Subsystems] Discovering subsystems at path C:/Users/RP SINTRA/OneDrive/Documentos/GitHub/Meaningful Game Jam/Assets
GfxDevice: creating device client; threaded=0; jobified=0
Direct3D:
    Version:  Direct3D 11.0 [level 11.1]
    Renderer: AMD Radeon(TM) Graphics (ID=0x1636)
    Vendor:   ATI
    VRAM:     7878 MB
    Driver:   27.20.21020.4003
Initialize mono
Mono path[0] = 'C:/Program Files/Unity/Hub/Editor/2021.1.28f1/Editor/Data/Managed'
Mono path[1] = 'C:/Program Files/Unity/Hub/Editor/2021.1.28f1/Editor/Data/MonoBleedingEdge/lib/mono/unityjit'
Mono config path = 'C:/Program Files/Unity/Hub/Editor/2021.1.28f1/Editor/Data/MonoBleedingEdge/etc'
Using monoOptions --debugger-agent=transport=dt_socket,embedding=1,server=y,suspend=n,address=127.0.0.1:56480
Begin MonoManager ReloadAssembly
Registering precompiled unity dll's ...
Register platform support module: C:/Program Files/Unity/Hub/Editor/2021.1.28f1/Editor/Data/PlaybackEngines/WindowsStandaloneSupport/UnityEditor.WindowsStandalone.Extensions.dll
Registered in 0.003373 seconds.
Native extension for WindowsStandalone target not found
Refreshing native plugins compatible for Editor in 165.13 ms, found 4 plugins.
Preloading 0 native plugins for Editor in 0.00 ms.
Mono: successfully reloaded assembly
- Completed reload, in  1.949 seconds
Domain Reload Profiling:
	ReloadAssembly (1949ms)
		BeginReloadAssembly (104ms)
			ExecutionOrderSort (0ms)
			DisableScriptedObjects (0ms)
			BackupInstance (0ms)
			ReleaseScriptingObjects (0ms)
			CreateAndSetChildDomain (1ms)
		EndReloadAssembly (822ms)
			LoadAssemblies (100ms)
			RebuildTransferFunctionScriptingTraits (0ms)
			SetupTypeCache (256ms)
			ReleaseScriptCaches (0ms)
			RebuildScriptCaches (49ms)
			SetupLoadedEditorAssemblies (436ms)
				LogAssemblyErrors (0ms)
				InitializePlatformSupportModulesInManaged (10ms)
				SetLoadedEditorAssemblies (0ms)
				RefreshPlugins (165ms)
				BeforeProcessingInitializeOnLoad (3ms)
				ProcessInitializeOnLoadAttributes (197ms)
				ProcessInitializeOnLoadMethodAttributes (60ms)
				AfterProcessingInitializeOnLoad (0ms)
				EditorAssembliesLoaded (0ms)
			ExecutionOrderSort2 (0ms)
			AwakeInstancesAfterBackupRestoration (0ms)
Platform modules already initialized, skipping
Registering precompiled user dll's ...
Registered in 0.017582 seconds.
Begin MonoManager ReloadAssembly
Symbol file LoadedFromMemory doesn't match image C:\Users\RP SINTRA\OneDrive\Documentos\GitHub\Meaningful Game Jam\Library\PackageCache\com.unity.visualscripting@1.6.1\Editor\VisualScripting.Core\Dependencies\YamlDotNet\Unity.VisualScripting.YamlDotNet.dll
Symbol file LoadedFromMemory doesn't match image C:\Users\RP SINTRA\OneDrive\Documentos\GitHub\Meaningful Game Jam\Library\PackageCache\com.unity.visualscripting@1.6.1\Editor\VisualScripting.Core\Dependencies\DotNetZip\Unity.VisualScripting.IonicZip.dll
Native extension for WindowsStandalone target not found
Refreshing native plugins compatible for Editor in 181.98 ms, found 4 plugins.
Preloading 0 native plugins for Editor in 0.00 ms.
Mono: successfully reloaded assembly
- Completed reload, in  2.142 seconds
Domain Reload Profiling:
	ReloadAssembly (2143ms)
		BeginReloadAssembly (254ms)
			ExecutionOrderSort (0ms)
			DisableScriptedObjects (7ms)
			BackupInstance (0ms)
			ReleaseScriptingObjects (0ms)
			CreateAndSetChildDomain (31ms)
		EndReloadAssembly (1787ms)
			LoadAssemblies (167ms)
			RebuildTransferFunctionScriptingTraits (0ms)
			SetupTypeCache (607ms)
			ReleaseScriptCaches (1ms)
			RebuildScriptCaches (87ms)
			SetupLoadedEditorAssemblies (786ms)
				LogAssemblyErrors (0ms)
				InitializePlatformSupportModulesInManaged (6ms)
				SetLoadedEditorAssemblies (0ms)
				RefreshPlugins (182ms)
				BeforeProcessingInitializeOnLoad (163ms)
				ProcessInitializeOnLoadAttributes (386ms)
				ProcessInitializeOnLoadMethodAttributes (37ms)
				AfterProcessingInitializeOnLoad (12ms)
				EditorAssembliesLoaded (0ms)
			ExecutionOrderSort2 (0ms)
			AwakeInstancesAfterBackupRestoration (10ms)
Platform modules already initialized, skipping
========================================================================
Worker process is ready to serve import requests
Launched and connected shader compiler UnityShaderCompiler.exe after 0.09 seconds
Refreshing native plugins compatible for Editor in 1.00 ms, found 4 plugins.
Preloading 0 native plugins for Editor in 0.00 ms.
Unloading 3771 Unused Serialized files (Serialized files now loaded: 0)
System memory in use before: 139.1 MB.
System memory in use after: 139.3 MB.

Unloading 33 unused Assets to reduce memory usage. Loaded Objects now: 4218.
Total: 5.853000 ms (FindLiveObjects: 0.380200 ms CreateObjectMapping: 0.153000 ms MarkObjects: 5.225200 ms  DeleteObjects: 0.092500 ms)

AssetImportParameters requested are different than current active one (requested -> active):
  custom:framework-win-MediaFoundation: 216162199b28c13a410421893ffa2e32 -> 
  custom:video-decoder-ogg-theora: a1e56fd34408186e4bbccfd4996cb3dc -> 
  custom:container-muxer-webm: aa71ff27fc2769a1b78a27578f13a17b -> 
  custom:container-demuxer-webm: 4f35f7cbe854078d1ac9338744f61a02 -> 
  custom:container-demuxer-ogg: 62fdf1f143b41e24485cea50d1cbac27 -> 
  custom:video-encoder-webm-vp8: eb34c28f22e8b96e1ab97ce403110664 -> 
  custom:video-codec-MediaFoundation-h265: 746d11721c4dcdbdad8f713fa42b33f4 -> 
  custom:video-decoder-webm-vp8: 9c59270c3fd7afecdb556c50c9e8de78 -> 
  custom:audio-decoder-ogg-vorbis: bf7c407c2cedff20999df2af8eb42d56 -> 
  custom:audio-encoder-webm-vorbis: bf7c407c2cedff20999df2af8eb42d56 -> 
========================================================================
Received Import Request.
  path: Assets/Scenes
  artifactKey: Guid(131a6b21c8605f84396be9f6751fb6e3) Importer(815301076,1909f56bfc062723c751e8b465ee728b)
Start importing Assets/Scenes using Guid(131a6b21c8605f84396be9f6751fb6e3) Importer(815301076,1909f56bfc062723c751e8b465ee728b)  -> (artifact id: 'ffae677c86e903bacef8065336249a81') in 0.018968 seconds 
========================================================================
Received Import Request.
  Time since last request: 0.000389 seconds.
  path: Assets/Scenes/GameScene.unity
  artifactKey: Guid(2cda990e2423bbf4892e6590ba056729) Importer(815301076,1909f56bfc062723c751e8b465ee728b)
Start importing Assets/Scenes/GameScene.unity using Guid(2cda990e2423bbf4892e6590ba056729) Importer(815301076,1909f56bfc062723c751e8b465ee728b)  -> (artifact id: '4c038f679192ed69bb31f2604b333587') in 0.024200 seconds 
========================================================================
Received Import Request.
  Time since last request: 215.730351 seconds.
  path: Assets/Scenes/Significado-da-cor-preto.jpg
  artifactKey: Guid(ccc11ea3363ccfa4fa970a68352f6290) Importer(815301076,1909f56bfc062723c751e8b465ee728b)
Start importing Assets/Scenes/Significado-da-cor-preto.jpg using Guid(ccc11ea3363ccfa4fa970a68352f6290) Importer(815301076,1909f56bfc062723c751e8b465ee728b)  -> (artifact id: 'cebe503441c46b00f4f22756a88d19d5') in 0.109104 seconds 
========================================================================
Received Import Request.
  Time since last request: 62.421399 seconds.
  path: Assets/sprites/Significado-da-cor-preto.jpg
  artifactKey: Guid(ccc11ea3363ccfa4fa970a68352f6290) Importer(815301076,1909f56bfc062723c751e8b465ee728b)
Start importing Assets/sprites/Significado-da-cor-preto.jpg using Guid(ccc11ea3363ccfa4fa970a68352f6290) Importer(815301076,1909f56bfc062723c751e8b465ee728b)  -> (artifact id: 'f0ada6c3f6a458736207747ada4680e3') in 0.044662 seconds 
========================================================================
Received Import Request.
  Time since last request: 15.092538 seconds.
  path: Assets/sprites/Significado-da-cor-preto.jpg
  artifactKey: Guid(ccc11ea3363ccfa4fa970a68352f6290) Importer(815301076,1909f56bfc062723c751e8b465ee728b)
Start importing Assets/sprites/Significado-da-cor-preto.jpg using Guid(ccc11ea3363ccfa4fa970a68352f6290) Importer(815301076,1909f56bfc062723c751e8b465ee728b)  -> (artifact id: '5130b0e8c1fc8f8bf8151e4e309e8ee0') in 0.027779 seconds 
========================================================================
Received Import Request.
  Time since last request: 37.209640 seconds.
  path: Assets/sprites/Significado-da-cor-preto.jpg
  artifactKey: Guid(ccc11ea3363ccfa4fa970a68352f6290) Importer(815301076,1909f56bfc062723c751e8b465ee728b)
Start importing Assets/sprites/Significado-da-cor-preto.jpg using Guid(ccc11ea3363ccfa4fa970a68352f6290) Importer(815301076,1909f56bfc062723c751e8b465ee728b)  -> (artifact id: 'b13ea1f29a74fdc4514f5b6192b33210') in 0.037657 seconds 
========================================================================
Received Import Request.
  Time since last request: 67.420116 seconds.
  path: Assets/sprites/New Palette.prefab
  artifactKey: Guid(04edb532ed0c3a74b9225d66bc631f52) Importer(815301076,1909f56bfc062723c751e8b465ee728b)
Start importing Assets/sprites/New Palette.prefab using Guid(04edb532ed0c3a74b9225d66bc631f52) Importer(815301076,1909f56bfc062723c751e8b465ee728b)  -> (artifact id: 'f33085f9053b1674a2a9602f9d20dd90') in 0.043550 seconds 
========================================================================
Received Import Request.
  Time since last request: 7.120375 seconds.
  path: Assets/sprites/New Palette.prefab
  artifactKey: Guid(04edb532ed0c3a74b9225d66bc631f52) Importer(815301076,1909f56bfc062723c751e8b465ee728b)
Start importing Assets/sprites/New Palette.prefab using Guid(04edb532ed0c3a74b9225d66bc631f52) Importer(815301076,1909f56bfc062723c751e8b465ee728b)  -> (artifact id: 'd042f08defdad8826421245460cb7a1f') in 0.019498 seconds 
========================================================================
Received Import Request.
  Time since last request: 0.000304 seconds.
  path: Assets/sprites/Significado-da-cor-preto.asset
  artifactKey: Guid(45f74211318c35443880804f272bac73) Importer(815301076,1909f56bfc062723c751e8b465ee728b)
Start importing Assets/sprites/Significado-da-cor-preto.asset using Guid(45f74211318c35443880804f272bac73) Importer(815301076,1909f56bfc062723c751e8b465ee728b)  -> (artifact id: '6d4b42ac1f3f12a6fde921abd2e5ab29') in 0.019528 seconds 
========================================================================
Received Import Request.
  Time since last request: 75.961940 seconds.
  path: Assets/sprites/Significado-da-cor-preto.jpg
  artifactKey: Guid(ccc11ea3363ccfa4fa970a68352f6290) Importer(815301076,1909f56bfc062723c751e8b465ee728b)
Start importing Assets/sprites/Significado-da-cor-preto.jpg using Guid(ccc11ea3363ccfa4fa970a68352f6290) Importer(815301076,1909f56bfc062723c751e8b465ee728b)  -> (artifact id: '1cee8ba288fe5054b996dff98d36188f') in 0.027471 seconds 
========================================================================
Received Import Request.
  Time since last request: 9.141967 seconds.
  path: Assets/sprites/Significado-da-cor-preto.jpg
  artifactKey: Guid(ccc11ea3363ccfa4fa970a68352f6290) Importer(815301076,1909f56bfc062723c751e8b465ee728b)
Start importing Assets/sprites/Significado-da-cor-preto.jpg using Guid(ccc11ea3363ccfa4fa970a68352f6290) Importer(815301076,1909f56bfc062723c751e8b465ee728b)  -> (artifact id: 'dc2d061532bfeb1bec090235e224af80') in 0.053537 seconds 
========================================================================
Received Import Request.
  Time since last request: 22.879958 seconds.
  path: Assets/sprites/Significado-da-cor-preto.jpg
  artifactKey: Guid(ccc11ea3363ccfa4fa970a68352f6290) Importer(815301076,1909f56bfc062723c751e8b465ee728b)
Start importing Assets/sprites/Significado-da-cor-preto.jpg using Guid(ccc11ea3363ccfa4fa970a68352f6290) Importer(815301076,1909f56bfc062723c751e8b465ee728b)  -> (artifact id: '493eb44c21a29e5a18e2829397945dcf') in 0.026752 seconds 
========================================================================
Received Import Request.
  Time since last request: 6.473087 seconds.
  path: Assets/sprites/Significado-da-cor-preto.jpg
  artifactKey: Guid(ccc11ea3363ccfa4fa970a68352f6290) Importer(815301076,1909f56bfc062723c751e8b465ee728b)
Start importing Assets/sprites/Significado-da-cor-preto.jpg using Guid(ccc11ea3363ccfa4fa970a68352f6290) Importer(815301076,1909f56bfc062723c751e8b465ee728b)  -> (artifact id: '218a8aaa0e317c5f1d970ac0c544fecf') in 0.018138 seconds 
========================================================================
Received Import Request.
  Time since last request: 51.036469 seconds.
  path: Assets/sprites/Significado-da-cor-preto.jpg
  artifactKey: Guid(ccc11ea3363ccfa4fa970a68352f6290) Importer(815301076,1909f56bfc062723c751e8b465ee728b)
Start importing Assets/sprites/Significado-da-cor-preto.jpg using Guid(ccc11ea3363ccfa4fa970a68352f6290) Importer(815301076,1909f56bfc062723c751e8b465ee728b)  -> (artifact id: '898f0da721232c63bf1555e54d5e553f') in 0.019511 seconds 
========================================================================
Received Import Request.
  Time since last request: 43.328395 seconds.
  path: Assets/sprites/Significado-da-cor-preto.jpg
  artifactKey: Guid(ccc11ea3363ccfa4fa970a68352f6290) Importer(815301076,1909f56bfc062723c751e8b465ee728b)
Start importing Assets/sprites/Significado-da-cor-preto.jpg using Guid(ccc11ea3363ccfa4fa970a68352f6290) Importer(815301076,1909f56bfc062723c751e8b465ee728b)  -> (artifact id: 'd31352c56153efd0e6bf5afeb1394237') in 0.018159 seconds 
========================================================================
Received Import Request.
  Time since last request: 44.908096 seconds.
  path: Assets/sprites/Significado-da-cor-preto.jpg
  artifactKey: Guid(ccc11ea3363ccfa4fa970a68352f6290) Importer(815301076,1909f56bfc062723c751e8b465ee728b)
Start importing Assets/sprites/Significado-da-cor-preto.jpg using Guid(ccc11ea3363ccfa4fa970a68352f6290) Importer(815301076,1909f56bfc062723c751e8b465ee728b)  -> (artifact id: '7e778bc698ebf19adea6fe4a9343c1a5') in 0.018122 seconds 
========================================================================
Received Import Request.
  Time since last request: 49.504306 seconds.
  path: Assets/sprites/New Palette.prefab
  artifactKey: Guid(04edb532ed0c3a74b9225d66bc631f52) Importer(815301076,1909f56bfc062723c751e8b465ee728b)
Start importing Assets/sprites/New Palette.prefab using Guid(04edb532ed0c3a74b9225d66bc631f52) Importer(815301076,1909f56bfc062723c751e8b465ee728b)  -> (artifact id: '5be77ce7d10e80f46278dc068eb7c9b5') in 0.015670 seconds 
========================================================================
Received Import Request.
  Time since last request: 0.000266 seconds.
  path: Assets/sprites/Significado-da-cor-preto_1.asset
  artifactKey: Guid(d98653d053c06f14e93de538b7455ec3) Importer(815301076,1909f56bfc062723c751e8b465ee728b)
Start importing Assets/sprites/Significado-da-cor-preto_1.asset using Guid(d98653d053c06f14e93de538b7455ec3) Importer(815301076,1909f56bfc062723c751e8b465ee728b)  -> (artifact id: 'cc24aeada7a75af6e37ce7526e32e4d4') in 0.018504 seconds 
========================================================================
Received Import Request.
  Time since last request: 34.461061 seconds.
  path: Assets/sprites/Significado-da-cor-preto.jpg
  artifactKey: Guid(ccc11ea3363ccfa4fa970a68352f6290) Importer(815301076,1909f56bfc062723c751e8b465ee728b)
Start importing Assets/sprites/Significado-da-cor-preto.jpg using Guid(ccc11ea3363ccfa4fa970a68352f6290) Importer(815301076,1909f56bfc062723c751e8b465ee728b)  -> (artifact id: '579ea5ce084a69c1f338f26d59d9cb01') in 0.024748 seconds 
========================================================================
Received Import Request.
  Time since last request: 5.603607 seconds.
  path: Assets/sprites/Significado-da-cor-preto.jpg
  artifactKey: Guid(ccc11ea3363ccfa4fa970a68352f6290) Importer(815301076,1909f56bfc062723c751e8b465ee728b)
Start importing Assets/sprites/Significado-da-cor-preto.jpg using Guid(ccc11ea3363ccfa4fa970a68352f6290) Importer(815301076,1909f56bfc062723c751e8b465ee728b)  -> (artifact id: '3421453f8827896f812cb417ad0645eb') in 0.018865 seconds 
========================================================================
Received Import Request.
  Time since last request: 13.647432 seconds.
  path: Assets/sprites/Significado-da-cor-preto.jpg
  artifactKey: Guid(ccc11ea3363ccfa4fa970a68352f6290) Importer(815301076,1909f56bfc062723c751e8b465ee728b)
Start importing Assets/sprites/Significado-da-cor-preto.jpg using Guid(ccc11ea3363ccfa4fa970a68352f6290) Importer(815301076,1909f56bfc062723c751e8b465ee728b)  -> (artifact id: '9a563b9f2a631c087064d1453efda304') in 0.023378 seconds 
========================================================================
Received Import Request.
  Time since last request: 7.096666 seconds.
  path: Assets/sprites/Significado-da-cor-preto.jpg
  artifactKey: Guid(ccc11ea3363ccfa4fa970a68352f6290) Importer(815301076,1909f56bfc062723c751e8b465ee728b)
Start importing Assets/sprites/Significado-da-cor-preto.jpg using Guid(ccc11ea3363ccfa4fa970a68352f6290) Importer(815301076,1909f56bfc062723c751e8b465ee728b)  -> (artifact id: '317d3c23b80a7f9d5dcf2f3af77801bb') in 0.020748 seconds 
========================================================================
Received Import Request.
  Time since last request: 8.945039 seconds.
  path: Assets/sprites/Significado-da-cor-preto.jpg
  artifactKey: Guid(ccc11ea3363ccfa4fa970a68352f6290) Importer(815301076,1909f56bfc062723c751e8b465ee728b)
Start importing Assets/sprites/Significado-da-cor-preto.jpg using Guid(ccc11ea3363ccfa4fa970a68352f6290) Importer(815301076,1909f56bfc062723c751e8b465ee728b)  -> (artifact id: '493825f2a4729375d1fee7f93966e8de') in 0.015447 seconds 
========================================================================
Received Import Request.
  Time since last request: 10.357278 seconds.
  path: Assets/sprites/Significado-da-cor-preto.jpg
  artifactKey: Guid(ccc11ea3363ccfa4fa970a68352f6290) Importer(815301076,1909f56bfc062723c751e8b465ee728b)
Start importing Assets/sprites/Significado-da-cor-preto.jpg using Guid(ccc11ea3363ccfa4fa970a68352f6290) Importer(815301076,1909f56bfc062723c751e8b465ee728b)  -> (artifact id: '840ca54f97099bda5c14b86745a0c54c') in 0.022467 seconds 
========================================================================
Received Import Request.
  Time since last request: 4721.066425 seconds.
  path: Assets/sprites/Color_icon_silver.svg.png
  artifactKey: Guid(b3c1ca81219236f4d81b10951a0779cf) Importer(815301076,1909f56bfc062723c751e8b465ee728b)
Start importing Assets/sprites/Color_icon_silver.svg.png using Guid(b3c1ca81219236f4d81b10951a0779cf) Importer(815301076,1909f56bfc062723c751e8b465ee728b)  -> (artifact id: '7bcbdc9de6446224642dc8b011374402') in 0.049615 seconds 
========================================================================
Received Import Request.
  Time since last request: 25.846465 seconds.
  path: Assets/sprites/Color_icon_silver.svg.png
  artifactKey: Guid(b3c1ca81219236f4d81b10951a0779cf) Importer(815301076,1909f56bfc062723c751e8b465ee728b)
Start importing Assets/sprites/Color_icon_silver.svg.png using Guid(b3c1ca81219236f4d81b10951a0779cf) Importer(815301076,1909f56bfc062723c751e8b465ee728b)  -> (artifact id: '5243bd3be56d5defb535d845b8c9ddb8') in 0.016079 seconds 
========================================================================
Received Import Request.
  Time since last request: 38.215279 seconds.
  path: Assets/sprites/Color_icon_silver.svg.png
  artifactKey: Guid(b3c1ca81219236f4d81b10951a0779cf) Importer(815301076,1909f56bfc062723c751e8b465ee728b)
Start importing Assets/sprites/Color_icon_silver.svg.png using Guid(b3c1ca81219236f4d81b10951a0779cf) Importer(815301076,1909f56bfc062723c751e8b465ee728b)  -> (artifact id: 'ad12e07dad1b65de1973f2e8ff11e21b') in 0.039425 seconds 
========================================================================
Received Import Request.
  Time since last request: 38.068039 seconds.
  path: Assets/sprites/Color_icon_silver.svg_0.asset
  artifactKey: Guid(57df6ea10e16d7743a46b107fd41a7f5) Importer(815301076,1909f56bfc062723c751e8b465ee728b)
Start importing Assets/sprites/Color_icon_silver.svg_0.asset using Guid(57df6ea10e16d7743a46b107fd41a7f5) Importer(815301076,1909f56bfc062723c751e8b465ee728b)  -> (artifact id: 'ab4e60e6a45b8b2ca5a47b84e8bb5445') in 0.025552 seconds 
========================================================================
Received Import Request.
  Time since last request: 0.000268 seconds.
  path: Assets/sprites/New Palette.prefab
  artifactKey: Guid(04edb532ed0c3a74b9225d66bc631f52) Importer(815301076,1909f56bfc062723c751e8b465ee728b)
Start importing Assets/sprites/New Palette.prefab using Guid(04edb532ed0c3a74b9225d66bc631f52) Importer(815301076,1909f56bfc062723c751e8b465ee728b)  -> (artifact id: 'c880dcd2d1d7a4dde0e77c1b97fc2b94') in 0.013955 seconds 
========================================================================
Received Import Request.
  Time since last request: 108.548226 seconds.
  path: Assets/sprites/Color_icon_silver.svg.png
  artifactKey: Guid(b3c1ca81219236f4d81b10951a0779cf) Importer(815301076,1909f56bfc062723c751e8b465ee728b)
Start importing Assets/sprites/Color_icon_silver.svg.png using Guid(b3c1ca81219236f4d81b10951a0779cf) Importer(815301076,1909f56bfc062723c751e8b465ee728b)  -> (artifact id: 'ff0a298705d76f5d39013c141a98bcc0') in 0.073438 seconds 
========================================================================
Received Import Request.
  Time since last request: 6.689221 seconds.
  path: Assets/sprites/Color_icon_silver.svg.png
  artifactKey: Guid(b3c1ca81219236f4d81b10951a0779cf) Importer(815301076,1909f56bfc062723c751e8b465ee728b)
Start importing Assets/sprites/Color_icon_silver.svg.png using Guid(b3c1ca81219236f4d81b10951a0779cf) Importer(815301076,1909f56bfc062723c751e8b465ee728b)  -> (artifact id: '47561784a8fe330508ac903266171f24') in 0.050809 seconds 
========================================================================
Received Import Request.
  Time since last request: 9.561499 seconds.
  path: Assets/sprites/Color_icon_silver.svg.png
  artifactKey: Guid(b3c1ca81219236f4d81b10951a0779cf) Importer(815301076,1909f56bfc062723c751e8b465ee728b)
Start importing Assets/sprites/Color_icon_silver.svg.png using Guid(b3c1ca81219236f4d81b10951a0779cf) Importer(815301076,1909f56bfc062723c751e8b465ee728b)  -> (artifact id: '8e876eff09c8d0f931694590648e42b7') in 0.045470 seconds 
AssetImportWorkerClient::OnTransportError - code=2 error=End of file
