Using pre-set license
Built from '2021.1/staging' branch; Version is '2021.1.28f1 (f3f9dc10f3dd) revision 15989212'; Using compiler version '192528614'; Build Type 'Release'
OS: 'Windows 10 Home; OS build 19044.1466; Version 2009; 64bit' Language: 'pt' Physical Memory: 15756 MB
BatchMode: 1, IsHumanControllingUs: 0, StartBugReporterOnCrash: 0, Is64bit: 1, IsPro: 0

COMMAND LINE ARGUMENTS:
C:\Program Files\Unity\Hub\Editor\2021.1.28f1\Editor\Unity.exe
-adb2
-batchMode
-noUpm
-name
AssetImportWorker0
-projectPath
C:/Users/RP SINTRA/OneDrive/Documentos/GitHub/Meaningful Game Jam
-logFile
Logs/AssetImportWorker0.log
-srvPort
51076
Successfully changed project path to: C:/Users/RP SINTRA/OneDrive/Documentos/GitHub/Meaningful Game Jam
C:/Users/RP SINTRA/OneDrive/Documentos/GitHub/Meaningful Game Jam
Using Asset Import Pipeline V2.
Refreshing native plugins compatible for Editor in 300.94 ms, found 4 plugins.
Preloading 0 native plugins for Editor in 0.00 ms.
Initialize engine version: 2021.1.28f1 (f3f9dc10f3dd)
[Subsystems] Discovering subsystems at path C:/Program Files/Unity/Hub/Editor/2021.1.28f1/Editor/Data/Resources/UnitySubsystems
[Subsystems] Discovering subsystems at path C:/Users/RP SINTRA/OneDrive/Documentos/GitHub/Meaningful Game Jam/Assets
GfxDevice: creating device client; threaded=0; jobified=0
Direct3D:
    Version:  Direct3D 11.0 [level 11.1]
    Renderer: AMD Radeon(TM) Graphics (ID=0x1636)
    Vendor:   ATI
    VRAM:     7878 MB
    Driver:   27.20.21020.4003
Initialize mono
Mono path[0] = 'C:/Program Files/Unity/Hub/Editor/2021.1.28f1/Editor/Data/Managed'
Mono path[1] = 'C:/Program Files/Unity/Hub/Editor/2021.1.28f1/Editor/Data/MonoBleedingEdge/lib/mono/unityjit'
Mono config path = 'C:/Program Files/Unity/Hub/Editor/2021.1.28f1/Editor/Data/MonoBleedingEdge/etc'
Using monoOptions --debugger-agent=transport=dt_socket,embedding=1,server=y,suspend=n,address=127.0.0.1:56916
Begin MonoManager ReloadAssembly
Registering precompiled unity dll's ...
Register platform support module: C:/Program Files/Unity/Hub/Editor/2021.1.28f1/Editor/Data/PlaybackEngines/WindowsStandaloneSupport/UnityEditor.WindowsStandalone.Extensions.dll
Registered in 0.181568 seconds.
Native extension for WindowsStandalone target not found
Refreshing native plugins compatible for Editor in 115.61 ms, found 4 plugins.
Preloading 0 native plugins for Editor in 0.00 ms.
Mono: successfully reloaded assembly
- Completed reload, in  6.852 seconds
Domain Reload Profiling:
	ReloadAssembly (6853ms)
		BeginReloadAssembly (3894ms)
			ExecutionOrderSort (0ms)
			DisableScriptedObjects (0ms)
			BackupInstance (0ms)
			ReleaseScriptingObjects (0ms)
			CreateAndSetChildDomain (2ms)
		EndReloadAssembly (1074ms)
			LoadAssemblies (3889ms)
			RebuildTransferFunctionScriptingTraits (0ms)
			SetupTypeCache (660ms)
			ReleaseScriptCaches (0ms)
			RebuildScriptCaches (36ms)
			SetupLoadedEditorAssemblies (317ms)
				LogAssemblyErrors (0ms)
				InitializePlatformSupportModulesInManaged (7ms)
				SetLoadedEditorAssemblies (0ms)
				RefreshPlugins (116ms)
				BeforeProcessingInitializeOnLoad (1ms)
				ProcessInitializeOnLoadAttributes (147ms)
				ProcessInitializeOnLoadMethodAttributes (45ms)
				AfterProcessingInitializeOnLoad (0ms)
				EditorAssembliesLoaded (0ms)
			ExecutionOrderSort2 (0ms)
			AwakeInstancesAfterBackupRestoration (0ms)
Platform modules already initialized, skipping
Registering precompiled user dll's ...
Registered in 0.919098 seconds.
Begin MonoManager ReloadAssembly
Symbol file LoadedFromMemory doesn't match image C:\Users\RP SINTRA\OneDrive\Documentos\GitHub\Meaningful Game Jam\Library\PackageCache\com.unity.visualscripting@1.6.1\Editor\VisualScripting.Core\Dependencies\YamlDotNet\Unity.VisualScripting.YamlDotNet.dll
Symbol file LoadedFromMemory doesn't match image C:\Users\RP SINTRA\OneDrive\Documentos\GitHub\Meaningful Game Jam\Library\PackageCache\com.unity.visualscripting@1.6.1\Editor\VisualScripting.Core\Dependencies\DotNetZip\Unity.VisualScripting.IonicZip.dll
Native extension for WindowsStandalone target not found
Refreshing native plugins compatible for Editor in 121.81 ms, found 4 plugins.
Preloading 0 native plugins for Editor in 0.00 ms.
Mono: successfully reloaded assembly
- Completed reload, in  5.607 seconds
Domain Reload Profiling:
	ReloadAssembly (5608ms)
		BeginReloadAssembly (188ms)
			ExecutionOrderSort (0ms)
			DisableScriptedObjects (5ms)
			BackupInstance (0ms)
			ReleaseScriptingObjects (0ms)
			CreateAndSetChildDomain (24ms)
		EndReloadAssembly (5345ms)
			LoadAssemblies (2290ms)
			RebuildTransferFunctionScriptingTraits (0ms)
			SetupTypeCache (1086ms)
			ReleaseScriptCaches (1ms)
			RebuildScriptCaches (69ms)
			SetupLoadedEditorAssemblies (1787ms)
				LogAssemblyErrors (0ms)
				InitializePlatformSupportModulesInManaged (5ms)
				SetLoadedEditorAssemblies (0ms)
				RefreshPlugins (122ms)
				BeforeProcessingInitializeOnLoad (104ms)
				ProcessInitializeOnLoadAttributes (507ms)
				ProcessInitializeOnLoadMethodAttributes (1039ms)
				AfterProcessingInitializeOnLoad (9ms)
				EditorAssembliesLoaded (0ms)
			ExecutionOrderSort2 (0ms)
			AwakeInstancesAfterBackupRestoration (9ms)
Platform modules already initialized, skipping
========================================================================
Worker process is ready to serve import requests
Launched and connected shader compiler UnityShaderCompiler.exe after 0.17 seconds
Refreshing native plugins compatible for Editor in 1.05 ms, found 4 plugins.
Preloading 0 native plugins for Editor in 0.00 ms.
Unloading 3771 Unused Serialized files (Serialized files now loaded: 0)
System memory in use before: 139.1 MB.
System memory in use after: 139.3 MB.

Unloading 33 unused Assets to reduce memory usage. Loaded Objects now: 4218.
Total: 5.814200 ms (FindLiveObjects: 0.575600 ms CreateObjectMapping: 0.305400 ms MarkObjects: 4.853500 ms  DeleteObjects: 0.077900 ms)

AssetImportParameters requested are different than current active one (requested -> active):
  custom:framework-win-MediaFoundation: 216162199b28c13a410421893ffa2e32 -> 
  custom:video-decoder-ogg-theora: a1e56fd34408186e4bbccfd4996cb3dc -> 
  custom:container-muxer-webm: aa71ff27fc2769a1b78a27578f13a17b -> 
  custom:container-demuxer-webm: 4f35f7cbe854078d1ac9338744f61a02 -> 
  custom:container-demuxer-ogg: 62fdf1f143b41e24485cea50d1cbac27 -> 
  custom:video-encoder-webm-vp8: eb34c28f22e8b96e1ab97ce403110664 -> 
  custom:video-codec-MediaFoundation-h265: 746d11721c4dcdbdad8f713fa42b33f4 -> 
  custom:video-decoder-webm-vp8: 9c59270c3fd7afecdb556c50c9e8de78 -> 
  custom:audio-decoder-ogg-vorbis: bf7c407c2cedff20999df2af8eb42d56 -> 
  custom:audio-encoder-webm-vorbis: bf7c407c2cedff20999df2af8eb42d56 -> 
========================================================================
Received Import Request.
  path: Assets/sprites/New Palette.prefab
  artifactKey: Guid(04edb532ed0c3a74b9225d66bc631f52) Importer(815301076,1909f56bfc062723c751e8b465ee728b)
Start importing Assets/sprites/New Palette.prefab using Guid(04edb532ed0c3a74b9225d66bc631f52) Importer(815301076,1909f56bfc062723c751e8b465ee728b)  -> (artifact id: 'fbd7039c2e13ce2fbb2de9b4cf46f84b') in 0.209514 seconds 
========================================================================
Received Import Request.
  Time since last request: 3081.948146 seconds.
  path: Assets/sprites/Color_icon_silver.svg_5.asset
  artifactKey: Guid(68c464c543b42fa40a8636e5210840ca) Importer(815301076,1909f56bfc062723c751e8b465ee728b)
Start importing Assets/sprites/Color_icon_silver.svg_5.asset using Guid(68c464c543b42fa40a8636e5210840ca) Importer(815301076,1909f56bfc062723c751e8b465ee728b)  -> (artifact id: '0556917e48a20b78193a6aa8517a2595') in 0.144949 seconds 
========================================================================
Received Import Request.
  Time since last request: 0.000811 seconds.
  path: Assets/sprites/New Palette.prefab
  artifactKey: Guid(04edb532ed0c3a74b9225d66bc631f52) Importer(815301076,1909f56bfc062723c751e8b465ee728b)
Start importing Assets/sprites/New Palette.prefab using Guid(04edb532ed0c3a74b9225d66bc631f52) Importer(815301076,1909f56bfc062723c751e8b465ee728b)  -> (artifact id: '562384cfbdd4dfed1b3ca9fb64557164') in 0.052031 seconds 
========================================================================
Received Import Request.
  Time since last request: 2474.986068 seconds.
  path: Assets/sprites/Color_icon_silver.svg_8.asset
  artifactKey: Guid(42c4344e9228b80439dc2004193777d8) Importer(815301076,1909f56bfc062723c751e8b465ee728b)
Start importing Assets/sprites/Color_icon_silver.svg_8.asset using Guid(42c4344e9228b80439dc2004193777d8) Importer(815301076,1909f56bfc062723c751e8b465ee728b)  -> (artifact id: '83f29bff432c763ecb1fda5f927d5b0e') in 0.082481 seconds 
========================================================================
Received Import Request.
  Time since last request: 0.000547 seconds.
  path: Assets/sprites/New Palette.prefab
  artifactKey: Guid(04edb532ed0c3a74b9225d66bc631f52) Importer(815301076,1909f56bfc062723c751e8b465ee728b)
Start importing Assets/sprites/New Palette.prefab using Guid(04edb532ed0c3a74b9225d66bc631f52) Importer(815301076,1909f56bfc062723c751e8b465ee728b)  -> (artifact id: 'eafb60a5259516cc70d5531edaf883dc') in 0.052407 seconds 
========================================================================
Received Import Request.
  Time since last request: 872.880626 seconds.
  path: Assets/Grid.prefab
  artifactKey: Guid(995cb4ae695380c45ac21e309d3d6911) Importer(815301076,1909f56bfc062723c751e8b465ee728b)
Start importing Assets/Grid.prefab using Guid(995cb4ae695380c45ac21e309d3d6911) Importer(815301076,1909f56bfc062723c751e8b465ee728b)  -> (artifact id: '1204cd335ab4fb453fc8945143b77532') in 0.211217 seconds 
========================================================================
Received Import Request.
  Time since last request: 4.237921 seconds.
  path: Assets/Grid 1.prefab
  artifactKey: Guid(6d2b7fbb4d34801448c8d04ddf822d89) Importer(815301076,1909f56bfc062723c751e8b465ee728b)
Start importing Assets/Grid 1.prefab using Guid(6d2b7fbb4d34801448c8d04ddf822d89) Importer(815301076,1909f56bfc062723c751e8b465ee728b)  -> (artifact id: '4e4382ccc54013f91f6adb0338dd82c4') in 0.290430 seconds 
